[INFO  - 2018-08-24T06:56:26.936Z] GhostDriver - Main - running on port 50776
[INFO  - 2018-08-24T06:56:28.960Z] Session [d36195c0-a76a-11e8-ba5f-6199b58b2220] - page.settings - {"XSSAuditingEnabled":false,"javascriptCanCloseWindows":true,"javascriptCanOpenWindows":true,"javascriptEnabled":true,"loadImages":true,"localToRemoteUrlAccessEnabled":false,"userAgent":"Mozilla/5.0 (Windows NT 6.2; WOW64) AppleWebKit/538.1 (KHTML, like Gecko) PhantomJS/2.1.1 Safari/538.1","webSecurityEnabled":true}
[INFO  - 2018-08-24T06:56:28.960Z] Session [d36195c0-a76a-11e8-ba5f-6199b58b2220] - page.customHeaders:  - {}
[INFO  - 2018-08-24T06:56:28.960Z] Session [d36195c0-a76a-11e8-ba5f-6199b58b2220] - Session.negotiatedCapabilities - {"browserName":"phantomjs","version":"2.1.1","driverName":"ghostdriver","driverVersion":"1.2.0","platform":"windows-10-32bit","javascriptEnabled":true,"takesScreenshot":true,"handlesAlerts":false,"databaseEnabled":false,"locationContextEnabled":false,"applicationCacheEnabled":false,"browserConnectionEnabled":false,"cssSelectorsEnabled":true,"webStorageEnabled":false,"rotatable":false,"acceptSslCerts":false,"nativeEvents":true,"proxy":{"proxyType":"direct"}}
[INFO  - 2018-08-24T06:56:28.960Z] SessionManagerReqHand - _postNewSessionCommand - New Session Created: d36195c0-a76a-11e8-ba5f-6199b58b2220
[ERROR - 2018-08-24T06:56:44.540Z] Session [d36195c0-a76a-11e8-ba5f-6199b58b2220] - page.onError - msg: TypeError: undefined is not an object (evaluating 'this.props')

  phantomjs://platform/console++.js:263 in error
[ERROR - 2018-08-24T06:56:44.540Z] Session [d36195c0-a76a-11e8-ba5f-6199b58b2220] - page.onError - stack:
  value (https://g.alicdn.com/aliyun-dns-web/aliyun-dns-console/1.3.1/common.js:124)
  (anonymous function) (https://g.alicdn.com/aliyun-dns-web/aliyun-dns-console/1.3.1/common.js:179)
  invokeGuardedCallback (https://g.alicdn.com/aliyun-dns-web/aliyun-dns-console/1.3.1/common.js:179)
  invokeGuardedCallbackAndCatchFirstError (https://g.alicdn.com/aliyun-dns-web/aliyun-dns-console/1.3.1/common.js:179)
  T (https://g.alicdn.com/aliyun-dns-web/aliyun-dns-console/1.3.1/common.js:179)
  D (https://g.alicdn.com/aliyun-dns-web/aliyun-dns-console/1.3.1/common.js:179)
  A (https://g.alicdn.com/aliyun-dns-web/aliyun-dns-console/1.3.1/common.js:179)
  L (https://g.alicdn.com/aliyun-dns-web/aliyun-dns-console/1.3.1/common.js:179)
  I (https://g.alicdn.com/aliyun-dns-web/aliyun-dns-console/1.3.1/common.js:179)
  R (https://g.alicdn.com/aliyun-dns-web/aliyun-dns-console/1.3.1/common.js:179)
  yn (https://g.alicdn.com/aliyun-dns-web/aliyun-dns-console/1.3.1/common.js:179)
  batchedUpdates (https://g.alicdn.com/aliyun-dns-web/aliyun-dns-console/1.3.1/common.js:179)
  ze (https://g.alicdn.com/aliyun-dns-web/aliyun-dns-console/1.3.1/common.js:179)
  Mn (https://g.alicdn.com/aliyun-dns-web/aliyun-dns-console/1.3.1/common.js:179)
  interactiveUpdates (https://g.alicdn.com/aliyun-dns-web/aliyun-dns-console/1.3.1/common.js:179)
  wn (https://g.alicdn.com/aliyun-dns-web/aliyun-dns-console/1.3.1/common.js:179)
  wn (:0)
  dispatchEvent (:0)
  U (:119)
  $ (:108)
  $ (:101)
  gh (:141)
  sh (:152)
  (anonymous function) (:152)
  (anonymous function) (:152)
  (anonymous function) (:153)

  phantomjs://platform/console++.js:263 in error
[ERROR - 2018-08-24T06:56:45.818Z] WebElementLocator - _handleLocateCommand - Element(s) NOT Found: GAVE UP. Search Stop Time: 1535093805763

  phantomjs://platform/console++.js:263 in error
