1542252801175	geckodriver	INFO	geckodriver 0.21.0
1542252801182	geckodriver	INFO	Listening on 127.0.0.1:59639
1542252804222	mozrunner::runner	INFO	Running command: "C:\\Program Files\\Mozilla Firefox\\firefox.exe" "-marionette" "-foreground" "-no-remote" "-profile" "C:\\Users\\urun\\AppData\\Local\\Temp\\rust_mozprofile.18IyXR1kMrxq"
Unable to read VR Path Registry from C:\Users\urun\AppData\Local\openvr\openvrpaths.vrpath
Unable to read VR Path Registry from C:\Users\urun\AppData\Local\openvr\openvrpaths.vrpath
Unable to read VR Path Registry from C:\Users\urun\AppData\Local\openvr\openvrpaths.vrpath
Unable to read VR Path Registry from C:\Users\urun\AppData\Local\openvr\openvrpaths.vrpath
Unable to read VR Path Registry from C:\Users\urun\AppData\Local\openvr\openvrpaths.vrpath
1542252809853	Marionette	INFO	Listening on port 59647
1542252810473	Marionette	WARN	TLS certificate errors will be ignored for this session
JavaScript error: https://ss1.bdstatic.com/5eN1bjq8AAUYm2zgoY3K/r/www/cache/static/protocol/https/plugins/every_cookie_4644b13.js, line 4: ReferenceError: c is not defined
JavaScript error: https://sp0.baidu.com/5a1Fazu8AA54nxGko9WTAnF6hhy/su?wd=seleniu&json=1&p=3&sid=1438_21125_18560_27376_26350_27508&req=2&csor=7&pwd=seleni&cb=jQuery110209447654924451288_1542252815478&_=1542252815486, line 1: TypeError: jQuery110209447654924451288_1542252815478 is not a function
JavaScript error: https://sp0.baidu.com/5a1Fazu8AA54nxGko9WTAnF6hhy/su?wd=selenium&json=1&p=3&sid=1438_21125_18560_27376_26350_27508&req=2&csor=8&pwd=seleniu&cb=jQuery110209447654924451288_1542252815478&_=1542252815487, line 1: TypeError: jQuery110209447654924451288_1542252815478 is not a function
[Parent 13368, Gecko_IOThread] WARNING: pipe error: 109: file z:/build/build/src/ipc/chromium/src/chrome/common/ipc_channel_win.cc, line 346
[Child 11408, Chrome_ChildThread] WARNING: pipe error: 109: file z:/build/build/src/ipc/chromium/src/chrome/common/ipc_channel_win.cc, line 346
[Child 11408, Chrome_Ch[Parent 13368, Gecko_IOThread] WARNING: pipe error: 109: file z:/build/build/src/ipc/chromium/src/chrome/common/ipc_channel_win.cc, line 346
[Child 7196, Chrome_ChildThread] WARNING: pipe error: 109: file z:/build/build/src/ipc/chromium/src/chrome/common/ipc_channel_win.cc, line 346
[Child 7196, Chrome_[Parent 13368, Gecko_IOThread] WARNING: pipe error: 109: file z:/build/build/src/ipc/chromium/src/chrome/common/ipc_channel_win.cc, line 346
[Child 14900, Chrome_ChildThread] WARNING: pipe error: 109: file z:/build/build/src/ipc/chromium/src/chrome/common/ipc_channel_win.cc, line 346
*** UTM:SVC TimerManager:registerTimer called after profile-before-change notification. Ignoring timer registration for id: telemetry_modules_ping
[GPU 212, Chrome_C
###!!! [Child][MessageChannel::SendAndWait] Error: Channel error: cannot send/recv

