1530238380976	geckodriver	INFO	geckodriver 0.21.0
1530238380985	geckodriver	INFO	Listening on 127.0.0.1:58383
1530238383932	mozrunner::runner	INFO	Running command: "C:\\Program Files\\Mozilla Firefox\\firefox.exe" "-marionette" "-foreground" "-no-remote" "-profile" "C:\\Users\\urun\\AppData\\Local\\Temp\\rust_mozprofile.7r3iwHBriRhf"
Unable to read VR Path Registry from C:\Users\urun\AppData\Local\openvr\openvrpaths.vrpath
Unable to read VR Path Registry from C:\Users\urun\AppData\Local\openvr\openvrpaths.vrpath
Unable to read VR Path Registry from C:\Users\urun\AppData\Local\openvr\openvrpaths.vrpath
Unable to read VR Path Registry from C:\Users\urun\AppData\Local\openvr\openvrpaths.vrpath
Unable to read VR Path Registry from C:\Users\urun\AppData\Local\openvr\openvrpaths.vrpath
1530238396602	Marionette	INFO	Listening on port 58395
1530238399320	Marionette	WARN	TLS certificate errors will be ignored for this session
[Parent 18420, Gecko_IOThread] WARNING: pipe error: 109: file z:/build/build/src/ipc/chromium/src/chrome/common/ipc_channel_win.cc, line 346
[Parent 18420, Gecko_IOThread] WARNING: pipe error: 109: file z:/build/build/src/ipc/chromium/src/chrome/common/ipc_channel_win.cc, line 346
[Child 152, MediaPlayback #3] WARNING: 17607e71880 Can't get cubeb context!: file z:/build/build/src/dom/media/AudioStream.cpp, line 359
[Child 152, MediaPlayback #3] WARNING: Decoder=17674a296a0 [OnMediaSinkAudioError]: file z:/build/build/src/dom/media/MediaDecoderStateMachine.cpp, line 3746
Handler function NetworkEventActorProxy.addResponseContent threw an exception: [Exception... "Component returned failure code: 0xc1f30001 (NS_ERROR_NOT_INITIALIZED) [nsIMessageSender.sendAsyncMessage]"  nsresult: "0xc1f30001 (NS_ERROR_NOT_INITIALIZED)"  location: "JS frame :: resource://devtools/shared/base-loader.js -> resource://devtools/shared/webconsole/network-monitor.js :: NetworkEventActorProxy.methodFactory/< :: line 1875"  data: no]
Stack: NetworkEventActorProxy.methodFactory/<@resource://devtools/shared/base-loader.js -> resource://devtools/shared/webconsole/network-monitor.js:1875:5
exports.makeInfallible/<@resource://devtools/shared/base-loader.js -> resource://devtools/shared/ThreadSafeDevToolsUtils.js:109:14
_onComplete@resource://devtools/shared/base-loader.js -> resource://devtools/shared/webconsole/network-monitor.js:651:5
onStreamClose@resource://devtools/shared/base-loader.js -> resource://devtools/shared/webconsole/network-monitor.js:600:7
onInputStreamReady@resource://devtools/shared/base-loader.js -> resource://devtools/shared/webconsole/network-monitor.js:702:7
Line: 1875, column: 0
console.error: "Handler function NetworkEventActorProxy.addResponseContent threw an exception: [Exception... \"Component returned failure code: 0xc1f30001 (NS_ERROR_NOT_INITIALIZED) [nsIMessageSender.sendAsyncMessage]\"  nsresult: \"0xc1f30001 (NS_ERROR_NOT_INITIALIZED)\"  location: \"JS frame :: resource://devtools/shared/base-loader.js -> resource://devtools/shared/webconsole/network-monitor.js :: NetworkEventActorProxy.methodFactory/< :: line 1875\"  data: no]\nStack: NetworkEventActorProxy.methodFactory/<@resource://devtools/shared/base-loader.js -> resource://devtools/shared/webconsole/network-monitor.js:1875:5\nexports.makeInfallible/<@resource://devtools/shared/base-loader.js -> resource://devtools/shared/ThreadSafeDevToolsUtils.js:109:14\n_onComplete@resource://devtools/shared/base-loader.js -> resource://devtools/shared/webconsole/network-monitor.js:651:5\nonStreamClose@resource://devtools/shared/base-loader.js -> resource://devtools/shared/webconsole/network-monitor.js:600:7\nonInputStreamReady@resource://devtools/shared/base-loader.js -> resource://devtools/shared/webconsole/network-monitor.js:702:7\nLine: 1875, column: 0"
[Parent 18420, Gecko_IOThread] WARNING: pipe error: 109: file z:/build/build/src/ipc/chromium/src/chrome/common/ipc_channel_win.cc, line 346
[Parent 18420, Gecko_IOThread] WARNING: pipe error: 109: file z:/build/build/src/ipc/chromium/src/chrome/common/ipc_channel_win.cc, line 346
[Child 152, Chrome_ChildThread] WARNING: pipe error: 109: file z:/build/build/src/ipc/chromium/src/chrome/common/ipc_channel_win.cc, line 346
[Child 152, Chrome_Child[Child 3864, Chrome_ChildThread] WARNING: pipe error: 109: file z:/build/build/src/ipc/chromium/src/chrome/common/ipc_channel_win.cc, line 346
[Child 3864, Chrome[Child 18128, Chrome_ChildThread] WARNING: pipe error: 109: file z:/build/build/src/ipc/chromium/src/chrome/common/ipc_channel_win.cc, line 346
[Child 18128, C[GPU 14288
###!!! [Child][MessageChannel::SendAndWait] Error: Channel error: cannot send/recv

1530244521563	geckodriver	INFO	geckodriver 0.21.0
1530244521570	geckodriver	INFO	Listening on 127.0.0.1:57731
1530244524581	mozrunner::runner	INFO	Running command: "C:\\Program Files\\Mozilla Firefox\\firefox.exe" "-marionette" "-foreground" "-no-remote" "-profile" "C:\\Users\\urun\\AppData\\Local\\Temp\\rust_mozprofile.tUQ9bmQbOmLL"
Unable to read VR Path Registry from C:\Users\urun\AppData\Local\openvr\openvrpaths.vrpath
Unable to read VR Path Registry from C:\Users\urun\AppData\Local\openvr\openvrpaths.vrpath
Unable to read VR Path Registry from C:\Users\urun\AppData\Local\openvr\openvrpaths.vrpath
Unable to read VR Path Registry from C:\Users\urun\AppData\Local\openvr\openvrpaths.vrpath
console.error: "Could not write session state file " (new Error("_initWorker called too early! Please read the session file from disk first.", "resource:///modules/sessionstore/SessionFile.jsm", 337)) "_initWorker/<@resource:///modules/sessionstore/SessionFile.jsm:337:15\n_initWorker@resource:///modules/sessionstore/SessionFile.jsm:330:12\n_postToWorker@resource:///modules/sessionstore/SessionFile.jsm:354:11\nwrite@resource:///modules/sessionstore/SessionFile.jsm:394:19\nwrite@resource:///modules/sessionstore/SessionFile.jsm:66:12\n_writeState@resource:///modules/sessionstore/SessionSaver.jsm:357:12\n_saveState@resource:///modules/sessionstore/SessionSaver.jsm:295:12\n_saveStateAsync@resource:///modules/sessionstore/SessionSaver.jsm:341:5\nsaveStateAsyncWhenIdle@resource:///modules/sessionstore/SessionSaver.jsm:192:9\n"
Unable to read VR Path Registry from C:\Users\urun\AppData\Local\openvr\openvrpaths.vrpath
1530244535275	Marionette	INFO	Listening on port 57745
1530244536966	Marionette	WARN	TLS certificate errors will be ignored for this session
JavaScript error: resource://devtools/client/jsonview/converter-observer.js, line 72: NS_ERROR_NOT_AVAILABLE: Component returned failure code: 0x80040111 (NS_ERROR_NOT_AVAILABLE) [nsIChannel.contentType]
[Parent 8424, Gecko_IOThread] WARNING: pipe error: 109: file z:/build/build/src/ipc/chromium/src/chrome/common/ipc_channel_win.cc, line 346
[Parent 8424, Gecko_IOThread] WARNING: pipe error: 109: file z:/build/build/src/ipc/chromium/src/chrome/common/ipc_channel_win.cc, line 346
[Parent 8424, Gecko_IOThread] WARNING: pipe error: 109: file z:/build/build/src/ipc/chromium/src/chrome/common/ipc_channel_win.cc, line 346
[Child 16748, MediaPlayback #5] WARNING: 21a019e47c0 Can't get cubeb context!: file z:/build/build/src/dom/media/AudioStream.cpp, line 359
[Child 16748, MediaPlayback #5] WARNING: Decoder=21a01777c40 [OnMediaSinkAudioError]: file z:/build/build/src/dom/media/MediaDecoderStateMachine.cpp, line 3746
[Child 16748, MediaPlayback #5] WARNING: 21a05991a00 Can't get cubeb context!: file z:/build/build/src/dom/media/AudioStream.cpp, line 359
[Child 16748, MediaPlayback #5] WARNING: Decoder=21a01777e20 [OnMediaSinkAudioError]: file z:/build/build/src/dom/media/MediaDecoderStateMachine.cpp, line 3746
[Parent 8424, Gecko_IOThread] WARNING: pipe error: 109: file z:/build/build/src/ipc/chromium/src/chrome/common/ipc_channel_win.cc, line 346
[Child 5140, Chrome_ChildThread] WARNING: pipe error: 109: file z:/build/build/src/ipc/chromium/src/chrome/common/ipc_channel_win.cc, line 346
[Chi[Parent 8424, Gecko_IOThread] WARNING: pipe error: 109: file z:/build/build/src/ipc/chromium/src/chrome/common/ipc_channel_win.cc, line 346
[Child 16748, Chrome_ChildThread] WARNING: pipe error: 109: file z:/build/build/src/ipc/chromium/src/chrome/common/ipc_channel_win.cc, line 346
[Child 14628, Chrome_ChildThread] WARNING: pipe error: 109: file z:/build/build/src/ipc/chromium/src/chrome/common/ipc_channel_win.cc, line 346
[Child 14628, Chrome_ChildThread] WARNING: pipe error: 109: file z:/build/build/src/ipc/chromium/src/chrome/common/ipc_channel_win.cc, line 346

###!!! [Child][MessageChannel::SendAndWait] Error: Channel error: cannot send/recv

NING: pipe error: 109: file z:/build/build/src/ipc/chromium/src/chrome/common/ipc_channel_win.cc, line 346
[Child 17360, Chrome_ChildThread] WARNING: pipe error: 109: file z:/build/build/src/ipc/chromium/src/chrome/common/ipc_channel_win.cc, line 346

###!!! [Child][MessageChannel] Error: (msgtype=0x48000F,name=PHttpChannel::Msg___delete__) Channel closing: too late to send/recv, messages will be lost

[Parent 12592, Gecko_IOThread] WARNING: pipe error: 109: file z:/build/build/src/ipc/chromium/src/chrome/common/ipc_channel_win.cc, line 346
[Child 8092, Chrome_ChildThread] WARNING: pipe error: 109: file z:/build/build/src/ipc/chromium/src/chrome/common/ipc_channel_win.cc, line 346
[Child 8092, Chrome_ChildThread] WAR[GPU 17680, Chrome_ChildThread] WARNING: p
###!!! [Child][MessageChannel::SendAndWait] Error: Channel error: cannot send/recv

