1530149616976	geckodriver	INFO	geckodriver 0.21.0
1530149616985	geckodriver	INFO	Listening on 127.0.0.1:57362
1530149620017	mozrunner::runner	INFO	Running command: "C:\\Program Files\\Mozilla Firefox\\firefox.exe" "-marionette" "-foreground" "-no-remote" "-profile" "C:\\Users\\urun\\AppData\\Local\\Temp\\rust_mozprofile.z4ZI761z6xXN"
Unable to read VR Path Registry from C:\Users\urun\AppData\Local\openvr\openvrpaths.vrpath
Unable to read VR Path Registry from C:\Users\urun\AppData\Local\openvr\openvrpaths.vrpath
Unable to read VR Path Registry from C:\Users\urun\AppData\Local\openvr\openvrpaths.vrpath
Unable to read VR Path Registry from C:\Users\urun\AppData\Local\openvr\openvrpaths.vrpath
Unable to read VR Path Registry from C:\Users\urun\AppData\Local\openvr\openvrpaths.vrpath
1530149626695	Marionette	INFO	Listening on port 57376
1530149627852	Marionette	WARN	TLS certificate errors will be ignored for this session
JavaScript error: https://static.xx.fbcdn.net/rsrc.php/v3/yZ/r/xUO3u-4J58i.js, line 151: Error: Destroyed!
JavaScript error: https://static.xx.fbcdn.net/rsrc.php/v3/yZ/r/xUO3u-4J58i.js, line 151: Error: Destroyed!
[Child 6724, MediaPlayback #3] WARNING: 1be60aa3700 Can't get cubeb context!: file z:/build/build/src/dom/media/AudioStream.cpp, line 359
[Child 6724, MediaPlayback #3] WARNING: Decoder=1be69b0b7a0 [OnMediaSinkAudioError]: file z:/build/build/src/dom/media/MediaDecoderStateMachine.cpp, line 3746
[Parent 28880, Gecko_IOThread] WARNING: pipe error: 109: file z:/build/build/src/ipc/chromium/src/chrome/common/ipc_channel_win.cc, line 346
[Child 6724, MediaPlayback #1] WARNING: 1be023c7d00 Can't get cubeb context!: file z:/build/build/src/dom/media/AudioStream.cpp, line 359
[Child 6724, MediaPlayback #1] WARNING: Decoder=1be049877a0 [OnMediaSinkAudioError]: file z:/build/build/src/dom/media/MediaDecoderStateMachine.cpp, line 3746
1530149876888	geckodriver	INFO	geckodriver 0.21.0
1530149876895	geckodriver	INFO	Listening on 127.0.0.1:57562
1530149879925	mozrunner::runner	INFO	Running command: "C:\\Program Files\\Mozilla Firefox\\firefox.exe" "-marionette" "-foreground" "-no-remote" "-profile" "C:\\Users\\urun\\AppData\\Local\\Temp\\rust_mozprofile.2GeEGU3UkUDf"
Unable to read VR Path Registry from C:\Users\urun\AppData\Local\openvr\openvrpaths.vrpath
Unable to read VR Path Registry from C:\Users\urun\AppData\Local\openvr\openvrpaths.vrpath
Unable to read VR Path Registry from C:\Users\urun\AppData\Local\openvr\openvrpaths.vrpath
Unable to read VR Path Registry from C:\Users\urun\AppData\Local\openvr\openvrpaths.vrpath
Unable to read VR Path Registry from C:\Users\urun\AppData\Local\openvr\openvrpaths.vrpath
1530149883670	Marionette	INFO	Listening on port 57570
1530149884141	Marionette	WARN	TLS certificate errors will be ignored for this session
[Parent 18824, Gecko_IOThread] WARNING: pipe error: 109: file z:/build/build/src/ipc/chromium/src/chrome/common/ipc_channel_win.cc, line 346
[Child 16524, Chrome_ChildThread] WARNING: pipe error: 109: file z:/build/build/src/ipc/chromium/src/chrome/common/ipc_channel_win.cc, line 346
[Child 16524, Ch[Parent 18824, Gecko_IOThread] WARNING: pipe error: 109: file z:/build/build/src/ipc/chromium/src/chrome/common/ipc_channel_win.cc, line 346
[Child 8832, Chrome_ChildThread] WARNING: pipe error: 109: file z:/build/build/src/ipc/chromium/src/chrome/common/ipc_channel_win.cc, line 346
[Child 8832, Chrome_ChildThread] WARNING: pipe error: 109:
###!!! [Child][MessageChannel::SendAndWait] Error: Channel error: cannot send/recv

1530150178626	geckodriver	INFO	geckodriver 0.21.0
1530150178633	geckodriver	INFO	Listening on 127.0.0.1:58021
1530150181642	mozrunner::runner	INFO	Running command: "C:\\Program Files\\Mozilla Firefox\\firefox.exe" "-marionette" "-foreground" "-no-remote" "-profile" "C:\\Users\\urun\\AppData\\Local\\Temp\\rust_mozprofile.F9VEKELf6pRi"
Unable to read VR Path Registry from C:\Users\urun\AppData\Local\openvr\openvrpaths.vrpath
Unable to read VR Path Registry from C:\Users\urun\AppData\Local\openvr\openvrpaths.vrpath
Unable to read VR Path Registry from C:\Users\urun\AppData\Local\openvr\openvrpaths.vrpath
Unable to read VR Path Registry from C:\Users\urun\AppData\Local\openvr\openvrpaths.vrpath
Unable to read VR Path Registry from C:\Users\urun\AppData\Local\openvr\openvrpaths.vrpath
1530150185410	Marionette	INFO	Listening on port 58033
1530150185739	Marionette	WARN	TLS certificate errors will be ignored for this session
[Parent 5136, Gecko_IOThread] WARNING: pipe error: 232: file z:/build/build/src/ipc/chromium/src/chrome/common/ipc_channel_win.cc, line 513
[Parent 5136, Gecko_IOThread] WARNING: pipe error: 109: file z:/build/build/src/ipc/chromium/src/chrome/common1530150539147	mozrunner::runner	INFO	Running command: "C:\\Program Files\\Mozilla Firefox\\firefox.exe" "-marionette" "-foreground" "-no-remote" "-profile" "C:\\Users\\urun\\AppData\\Local\\Temp\\rust_mozprofile.cupO7md50RJW"
Unable to read VR Path Registry from C:\Users\urun\AppData\Local\openvr\openvrpaths.vrpath
Unable to read VR Path Registry from C:\Users\urun\AppData\Local\openvr\openvrpaths.vrpath
Unable to read VR Path Registry from C:\Users\urun\AppData\Local\openvr\openvrpaths.vrpath
Unable to read VR Path Registry from C:\Users\urun\AppData\Local\openvr\openvrpaths.vrpath
Unable to read VR Path Registry from C:\Users\urun\AppData\Local\openvr\openvrpaths.vrpath
1530150543289	Marionette	INFO	Listening on port 58265
1530150543481	Marionette	WARN	TLS certificate errors will be ignored for this session
JavaScript error: https://static.xx.fbcdn.net/rsrc.php/v3/yZ/r/xUO3u-4J58i.js, line 211: Error: Network failure.
JavaScript error: jar:file:///C:/Program%20Files/Mozilla%20Firefox/browser/omni.ja!/components/nsBrowserGlue.js, line 3022: NS_ERROR_FAILURE: Component returned failure code: 0x80004005 (NS_ERROR_FAILURE) [nsIContentPermissionRequest.cancel]
[Child 916, MediaPlayback #3] WARNING: 24950071dc0 Can't get cubeb context!: file z:/build/build/src/dom/media/AudioStream.cpp, line 359
[Child 916, MediaPlayback #1] WARNING: Decoder=24956117980 [OnMediaSinkAudioError]: file z:/build/build/src/dom/media/MediaDecoderStateMachine.cpp, line 3746
[Child 916, MediaPlayback #3] WARNING: 249502b1ac0 Can't get cubeb context!: file z:/build/build/src/dom/media/AudioStream.cpp, line 359
[Child 916, MediaPlayback #3] WARNING: Decoder=2494c3f8200 [OnMediaSinkAudioError]: file z:/build/build/src/dom/media/MediaDecoderStateMachine.cpp, line 3746
[Child 916, MediaPlayback #1] WARNING: 2495fbba580 Can't get cubeb context!: file z:/build/build/src/dom/media/AudioStream.cpp, line 359
[Child 916, MediaPlayback #1] WARNING: Decoder=2494eeac4c0 [OnMediaSinkAudioError]: file z:/build/build/src/dom/media/MediaDecoderStateMachine.cpp, line 3746
[Child 916, MediaPlayback #4] WARNING: 249748e6e80 Can't get cubeb context!: file z:/build/build/src/dom/media/AudioStream.cpp, line 359
[Child 916, MediaPlayback #2] WARNING: Decoder=2497a66c100 [OnMediaSinkAudioError]: file z:/build/build/src/dom/media/MediaDecoderStateMachine.cpp, line 3746
[Child 916, MediaPlayback #4] WARNING: 24948728880 Can't get cubeb context!: file z:/build/build/src/dom/media/AudioStream.cpp, line 359
[Child 916, MediaPlayback #4] WARNING: Decoder=2497f4a5d40 [OnMediaSinkAudioError]: file z:/build/build/src/dom/media/MediaDecoderStateMachine.cpp, line 3746
[Child 916, MediaPlayback #2] WARNING: 2490a018040 Can't get cubeb context!: file z:/build/build/src/dom/media/AudioStream.cpp, line 359
[Child 916, MediaPlayback #3] WARNING: Decoder=24909dfb980 [OnMediaSinkAudioError]: file z:/build/build/src/dom/media/MediaDecoderStateMachine.cpp, line 3746
[Child 916, MediaPlayback #1] WARNING: 24911f341c0 Can't get cubeb context!: file z:/build/build/src/dom/media/AudioStream.cpp, line 359
[Child 916, MediaPlayback #1] WARNING: Decoder=24914b26000 [OnMediaSinkAudioError]: file z:/build/build/src/dom/media/MediaDecoderStateMachine.cpp, line 3746
[Child 916, MediaPlayback #1] WARNING: 249164b6880 Can't get cubeb context!: file z:/build/build/src/dom/media/AudioStream.cpp, line 359
[Child 916, MediaPlayback #4] WARNING: Decoder=2491dc20200 [OnMediaSinkAudioError]: file z:/build/build/src/dom/media/MediaDecoderStateMachine.cpp, line 3746
[Child 916, MediaPlayback #2] WARNING: 2491930e400 Can't get cubeb context!: file z:/build/build/src/dom/media/AudioStream.cpp, line 359
[Child 916, MediaPlayback #2] WARNING: Decoder=2491455b200 [OnMediaSinkAudioError]: file z:/build/build/src/dom/media/MediaDecoderStateMachine.cpp, line 3746
1530151325176	geckodriver	INFO	geckodriver 0.21.0
1530151325183	geckodriver	INFO	Listening on 127.0.0.1:50273
1530151328401	mozrunner::runner	INFO	Running command: "C:\\Program Files\\Mozilla Firefox\\firefox.exe" "-marionette" "-foreground" "-no-remote" "-profile" "C:\\Users\\urun\\AppData\\Local\\Temp\\rust_mozprofile.ou8srVvIurdv"
Unable to read VR Path Registry from C:\Users\urun\AppData\Local\openvr\openvrpaths.vrpath
Unable to read VR Path Registry from C:\Users\urun\AppData\Local\openvr\openvrpaths.vrpath
Unable to read VR Path Registry from C:\Users\urun\AppData\Local\openvr\openvrpaths.vrpath
Unable to read VR Path Registry from C:\Users\urun\AppData\Local\openvr\openvrpaths.vrpath
Unable to read VR Path Registry from C:\Users\urun\AppData\Local\openvr\openvrpaths.vrpath
1530151334952	Marionette	INFO	Listening on port 50281
1530151335227	Marionette	WARN	TLS certificate errors will be ignored for this session
[Child 13456, MediaPlayback #2] WARNING: 233014444c0 Can't get cubeb context!: file z:/build/build/src/dom/media/AudioStream.cpp, line 359
[Child 13456, MediaPlayback #2] WARNING: Decoder=23309d4c200 [OnMediaSinkAudioError]: file z:/build/build/src/dom/media/MediaDecoderStateMachine.cpp, line 3746
1530151617525	addons.productaddons	WARN	Failed downloading via XHR, status: 0, reason: error
[Child 13456, MediaPlayback #24] WARNING: 23306fd5400 Can't get cubeb context!: file z:/build/build/src/dom/media/AudioStream.cpp, line 359
[Child 13456, MediaPlayback #24] WARNING: Decoder=2331b7635c0 [OnMediaSinkAudioError]: file z:/build/build/src/dom/media/MediaDecoderStateMachine.cpp, line 3746
1530152583182	geckodriver	INFO	geckodriver 0.21.0
1530152583189	geckodriver	INFO	Listening on 127.0.0.1:52110
1530152586230	mozrunner::runner	INFO	Running command: "C:\\Program Files\\Mozilla Firefox\\firefox.exe" "-marionette" "-foreground" "-no-remote" "-profile" "C:\\Users\\urun\\AppData\\Local\\Temp\\rust_mozprofile.iqf2OsnyhjR7"
Unable to read VR Path Registry from C:\Users\urun\AppData\Local\openvr\openvrpaths.vrpath
Unable to read VR Path Registry from C:\Users\urun\AppData\Local\openvr\openvrpaths.vrpath
Unable to read VR Path Registry from C:\Users\urun\AppData\Local\openvr\openvrpaths.vrpath
Unable to read VR Path Registry from C:\Users\urun\AppData\Local\openvr\openvrpaths.vrpath
Unable to read VR Path Registry from C:\Users\urun\AppData\Local\openvr\openvrpaths.vrpath
1530152589486	Marionette	INFO	Listening on port 52118
1530152589938	Marionette	WARN	TLS certificate errors will be ignored for this session
[Parent 13448, Gecko_IOThread] WARNING: pipe error: 109: file z:/build/build/src/ipc/chromium/src/chrome/common/ipc_channel_win.cc, line 346
[Parent 13448, Gecko_IOThread] WARNING: pipe error: 109: file z:/build/build/src/ipc/chromium/src/chrome/common/ipc_channel_win.cc, line 346
[Parent 13448, Gecko_IOThread] WARNING: pipe error: 109: file z:/build/build/src/ipc/chromium/src/chrome/common/ipc_channel_win.cc, line 346
*** UTM:SVC TimerManager:registerTimer called after profile-before-change notification. Ignoring timer registration for id: telemetry_modules_ping

###!!! [Child][MessageChannel::SendAndWait] Error: Channel error: cannot send/recv

1530152614124	geckodriver	INFO	geckodriver 0.21.0
1530152614131	geckodriver	INFO	Listening on 127.0.0.1:52233
1530152617169	mozrunner::runner	INFO	Running command: "C:\\Program Files\\Mozilla Firefox\\firefox.exe" "-marionette" "-foreground" "-no-remote" "-profile" "C:\\Users\\urun\\AppData\\Local\\Temp\\rust_mozprofile.8lIUszvR3mlM"
Unable to read VR Path Registry from C:\Users\urun\AppData\Local\openvr\openvrpaths.vrpath
Unable to read VR Path Registry from C:\Users\urun\AppData\Local\openvr\openvrpaths.vrpath
Unable to read VR Path Registry from C:\Users\urun\AppData\Local\openvr\openvrpaths.vrpath
Unable to read VR Path Registry from C:\Users\urun\AppData\Local\openvr\openvrpaths.vrpath
Unable to read VR Path Registry from C:\Users\urun\AppData\Local\openvr\openvrpaths.vrpath
1530152619863	Marionette	INFO	Listening on port 52241
1530152620170	Marionette	WARN	TLS certificate errors will be ignored for this session
JavaScript error: jar:file:///C:/Program%20Files/Mozilla%20Firefox/browser/omni.ja!/components/nsBrowserGlue.js, line 3022: NS_ERROR_FAILURE: Component returned failure code: 0x80004005 (NS_ERROR_FAILURE) [nsIContentPermissionRequest.cancel]
[Parent 10020, Gecko_IOThread] WARNING: pipe error: 109: file z:/build/build/src/ipc/chromium/src/chrome/common/ipc_channel_win.cc, line 346
IPDL protocol error: Handler returned error code!

###!!! [Parent][DispatchAsyncMessage] Error: PLayerTransaction::Msg_ReleaseLayer Processing error: message was deserialized, but the handler returned false (indicating failure)

IPDL protocol error: Handler returned error code!

###!!! [Parent][DispatchAsyncMessage] Error: PLayerTransaction::Msg_ReleaseLayer Processing error: message was deserialized, but the handler returned false (indicating failure)

[Child 13636, Chrome_ChildThread] WARNING: pipe error: 109: file z:/build/build/src/ipc/chromium/src/chrome/common/ipc_channel_win.cc, line 346
[Child 13636, Chrome_Chil[Child 10152, Chrome_ChildThread] WARNING: pipe error: 109: file z:/build/build/src/ipc/chromium/src/chrome/common/ipc_channel_win.cc, line 346
[Child 10152, C
###!!! [Child][MessageChannel::SendAndWait] Error: Channel error: cannot send/recv

1530152802471	geckodriver	INFO	geckodriver 0.21.0
1530152802478	geckodriver	INFO	Listening on 127.0.0.1:52853
1530152805511	mozrunner::runner	INFO	Running command: "C:\\Program Files\\Mozilla Firefox\\firefox.exe" "-marionette" "-foreground" "-no-remote" "-profile" "C:\\Users\\urun\\AppData\\Local\\Temp\\rust_mozprofile.OSpP1mssPhf5"
Unable to read VR Path Registry from C:\Users\urun\AppData\Local\openvr\openvrpaths.vrpath
Unable to read VR Path Registry from C:\Users\urun\AppData\Local\openvr\openvrpaths.vrpath
Unable to read VR Path Registry from C:\Users\urun\AppData\Local\openvr\openvrpaths.vrpath
Unable to read VR Path Registry from C:\Users\urun\AppData\Local\openvr\openvrpaths.vrpath
Unable to read VR Path Registry from C:\Users\urun\AppData\Local\openvr\openvrpaths.vrpath
1530152808202	Marionette	INFO	Listening on port 52862
1530152808660	Marionette	WARN	TLS certificate errors will be ignored for this session
JavaScript warning: https://static.xx.fbcdn.net/rsrc.php/v3iDcc4/yG/l/zh_CN/h9EXmins8R1.js, line 1923: unreachable code after return statement
[Parent 14456, Gecko_IOThread] WARNING: pipe error: 109: file z:/build/build/src/ipc/chromium/src/chrome/common/ipc_channel_win.cc, line 346
[Child 12740, Chrome_ChildThread] WARNING: pipe error: 109: file z:/build/build/src/ipc/chromium/src/chrome/common/ipc_channel_win.cc, line 346
[Child 12740, C[Child 14628, Chrome_ChildThread] WARNING: pipe error: 109: file z:/build/build/src/ipc/chromium/src/chrome/common/ipc_channel_win.cc, line 346
[Child 14628, Chrome_Child*** UTM:SVC TimerManager:registerTimer called after profile-before-change notification. Ignoring timer registration for id: telemetry_modules_ping

###!!! [Child][MessageChannel::SendAndWait] Error: Channel error: cannot send/recv

1530152848667	geckodriver	INFO	geckodriver 0.21.0
1530152848674	geckodriver	INFO	Listening on 127.0.0.1:53116
1530152851714	mozrunner::runner	INFO	Running command: "C:\\Program Files\\Mozilla Firefox\\firefox.exe" "-marionette" "-foreground" "-no-remote" "-profile" "C:\\Users\\urun\\AppData\\Local\\Temp\\rust_mozprofile.siRfekgKRZbT"
Unable to read VR Path Registry from C:\Users\urun\AppData\Local\openvr\openvrpaths.vrpath
Unable to read VR Path Registry from C:\Users\urun\AppData\Local\openvr\openvrpaths.vrpath
Unable to read VR Path Registry from C:\Users\urun\AppData\Local\openvr\openvrpaths.vrpath
Unable to read VR Path Registry from C:\Users\urun\AppData\Local\openvr\openvrpaths.vrpath
Unable to read VR Path Registry from C:\Users\urun\AppData\Local\openvr\openvrpaths.vrpath
1530152854630	Marionette	INFO	Listening on port 53124
1530152855064	Marionette	WARN	TLS certificate errors will be ignored for this session
[Parent 1696, Gecko_IOThread] WARNING: pipe error: 109: file z:/build/build/src/ipc/chromium/src/chrome/common/ipc_channel_win.cc, line 346
IPDL protocol error: Handler returned error code!

###!!! [Parent][DispatchAsyncMessage] Error: PLayerTransa1530152915512	mozrunner::runner	INFO	Running command: "C:\\Program Files\\Mozilla Firefox\\firefox.exe" "-marionette" "-foreground" "-no-remote" "-profile" "C:\\Users\\urun\\AppData\\Local\\Temp\\rust_mozprofile.MwcvdZRSBdx1"
Unable to read VR Path Registry from C:\Users\urun\AppData\Local\openvr\openvrpaths.vrpath
Unable to read VR Path Registry from C:\Users\urun\AppData\Local\openvr\openvrpaths.vrpath
Unable to read VR Path Registry from C:\Users\urun\AppData\Local\openvr\openvrpaths.vrpath
Unable to read VR Path Registry from C:\Users\urun\AppData\Local\openvr\openvrpaths.vrpath
Unable to read VR Path Registry from C:\Users\urun\AppData\Local\openvr\openvrpaths.vrpath
1530152918773	Marionette	INFO	Listening on port 53738
1530152919158	Marionette	WARN	TLS certificate errors will be ignored for this session
[Parent 8448, Gecko_IOThread] WARNING: pipe error: 109: file z:/build/build/src/ipc/chromium/src/chrome/common/ipc_channel_win.cc, line 346
[Parent 8448, Gecko_IOThread] WARNING: pipe error: 109: file z:/build/build/src/ipc/chromium/src/chrome/common/ipc_channel_win.cc, line 346
[Child 13932, Chrome_ChildThread] WARNING: pipe error: 109: file z:/build/build/src/ipc/chromium/src/chrome/common/ipc_channel_win.cc, line 346
[Child 13932, Chrome_ChildThread] WARNING:[C hpiilpe error: 109: d 10964, Chrome_ChildThread] WARNING: pipe error: 109: file z:/build/build/src/ipc/chromium/src/chrome/common/ipc_channel_win.cc, line 346
[Child 10964, Chrome_ChildThread] WARNING: pipe error: 109: file z:/build/build/src/ipc/chromium/src/chrome/common/ipc_channel_win.cc, line 346
[Parent 8448, Gecko_IOThread] WARNING: pipe error: 109: file z:/build/build/src/ipc/chromium/src/chrome/common/ipc_channel_win.cc, line 346
[Child 1316, Chrome_ChildThread] WARNING: pipe error: 109: file z:/build/build/src/ipc/chromium/src/chrome/common/ipc_channel_win.cc, line 346
[Child 1316, Chrome_ChildThread] WARNING: pipe err*** UTM:SVC TimerManager:registerTimer called after profile-before-change notification. Ignoring timer registration for id: telemetry_modules_ping
[GPU 9988, Chrome_ChildThread] WARNING: pipe error: 109: file z:/build/build/src/ipc/chromium/src/chrome/common/ipc_channel_win.cc, line 346

###!!! [Child][MessageChannel::SendAndWait] Error: Channel error: cannot send/recv

1530152933824	geckodriver	INFO	geckodriver 0.21.0
1530152933832	geckodriver	INFO	Listening on 127.0.0.1:53844
1530152936881	mozrunner::runner	INFO	Running command: "C:\\Program Files\\Mozilla Firefox\\firefox.exe" "-marionette" "-foreground" "-no-remote" "-profile" "C:\\Users\\urun\\AppData\\Local\\Temp\\rust_mozprofile.ruACDvKZChpq"
Unable to read VR Path Registry from C:\Users\urun\AppData\Local\openvr\openvrpaths.vrpath
Unable to read VR Path Registry from C:\Users\urun\AppData\Local\openvr\openvrpaths.vrpath
Unable to read VR Path Registry from C:\Users\urun\AppData\Local\openvr\openvrpaths.vrpath
Unable to read VR Path Registry from C:\Users\urun\AppData\Local\openvr\openvrpaths.vrpath
Unable to read VR Path Registry from C:\Users\urun\AppData\Local\openvr\openvrpaths.vrpath
1530152939778	Marionette	INFO	Listening on port 53852
1530152940108	Marionette	WARN	TLS certificate errors will be ignored for this session
[Parent 13636, Gecko_IOThread] WARNING: pipe error: 109: file z:/build/build/src/ipc/chromium/src/chrome/common/ipc_channel_win.cc, line 346
[Child 6532, Chrome_ChildThread] WARNING: pipe error: 109: file z:/build/build/src/ipc/chromium/src/chrome/common/ipc_channel_win.cc, line 346
[Child 6532, Chrome_ChildThread] WARNING: pipe error: 109: file z:/build/build/src/ipc/chromium/src/chrome/comm[Parent 13636, Gecko_IOThread] WARNING: pipe error: 109: file z:/build/build/src/ipc/chromium/src/chrome/common/ipc_channel_win.cc, line 346
[Child 1088, Chrom*** UTM:SVC TimerManager:registerTimer called after profile-before-change notification. Ignoring timer registration for id: telemetry_modules_ping

###!!! [Child][MessageChannel::SendAndWait] Error: Channel error: cannot send/recv

1530162581031	geckodriver	INFO	geckodriver 0.21.0
1530162581038	geckodriver	INFO	Listening on 127.0.0.1:57431
1530162584091	mozrunner::runner	INFO	Running command: "C:\\Program Files\\Mozilla Firefox\\firefox.exe" "-marionette" "-foreground" "-no-remote" "-profile" "C:\\Users\\urun\\AppData\\Local\\Temp\\rust_mozprofile.RSAdhM3HP9UF"
Unable to read VR Path Registry from C:\Users\urun\AppData\Local\openvr\openvrpaths.vrpath
Unable to read VR Path Registry from C:\Users\urun\AppData\Local\openvr\openvrpaths.vrpath
Unable to read VR Path Registry from C:\Users\urun\AppData\Local\openvr\openvrpaths.vrpath
Unable to read VR Path Registry from C:\Users\urun\AppData\Local\openvr\openvrpaths.vrpath
Unable to read VR Path Registry from C:\Users\urun\AppData\Local\openvr\openvrpaths.vrpath
1530162589876	Marionette	INFO	Listening on port 57440
1530162590386	Marionette	WARN	TLS certificate errors will be ignored for this session
[Parent 7260, Gecko_IOThread] WARNING: pipe error: 109: file z:/build/build/src/ipc/chromium/src/chrome/common/ipc_channel_win.cc, line 346
[Child 11208, MediaPlayback #1] WARNING: 14e56e9e4c0 Can't get cubeb context!: file z:/build/build/src/dom/media/AudioStream.cpp, line 359
[Child 11208, MediaPlayback #2] WARNING: Decoder=14e6b26c100 [OnMediaSinkAudioError]: file z:/build/build/src/dom/media/MediaDecoderStateMachine.cpp, line 3746
[Parent 7260, Gecko_IOThread] WARNING: pipe error: 109: file z:/build/build/src/ipc/chromium/src/chrome/common/ipc_channel_win.cc, line 346
[Child 6696, Chrome_ChildThread] WARNING: pipe error: 109: file z:/build/build/src/ipc/chromium/src/chrome/common/ipc_channel_win.cc, line 346
[Child 6696, Chrome_ChildThread] WARNING: pipe error: 109: file z:/build/build/src/ipc/chromium/src/[Parent 7260, Gecko_IOThread] WARNING: pipe error: 109: file z:/build/build/src/ipc/chromium/src/chrome/common/ipc_channel_win.cc, line 346
[Child 8308, Chrome_ChildThread] WARNING: pipe error: 109: file z:/build/build/src/ipc/chromium/src/chrome/common/ipc_channel_win.cc, line 346
[Child 8308, Chrome_ChildThread] WARNING: pipe error: 109: file z:/build/build/src/ipc/chromium/src/chrome/common/ipc_channel_
###!!! [Child][MessageChannel::SendAndWait] Error: Channel error: cannot send/recv

 certificate errors will be ignored for this session

###!!! [Parent][DispatchAsyncMessage] Error: PClientSourceOp::Msg___delete__ Route error: message sent to unknown actor ID

[Parent 16696, Gecko_IOThread] WARNING: pipe error: 109: file z:/build/build/src/ipc/chromium/src/chrome/common/ipc_channel_win.cc, line 346
[Parent 16696, Gecko_IOThread] WARNING: pipe error: 109: file z:/build/build/src/ipc/chromium/src/chrome/common/ipc_channel_win.cc, line 346
[Parent 16696, Gecko_IOThread] WARNING: pipe error: 109: file z:/build/build/src/ipc/chromium/src/chrome/common/ipc_channel_win.cc, line 346
[Parent 16696, Gecko_IOThread] WARNING: pipe error: 109: file z:/build/build/src/ipc/chromium/src/chrome/common/ipc_channel_win.cc, line 346

###!!! [Child][MessageChannel::SendAndWait] Error: Channel error: cannot send/recv

path
Unable to read VR Path Registry from C:\Users\urun\AppData\Local\openvr\openvrpaths.vrpath
Unable to read VR Path Registry from C:\Users\urun\AppData\Local\openvr\openvrpaths.vrpath
1530162926873	Marionette	INFO	Listening on port 58030
1530162927865	Marionette	WARN	TLS certificate errors will be ignored for this session
Unable to read VR Path Registry from C:\Users\urun\AppData\Local\openvr\openvrpaths.vrpath
[Parent 10992, Gecko_IOThread] WARNING: pipe error: 109: file z:/build/build/src/ipc/chromium/src/chrome/common/ipc_channel_win.cc, line 346
[Parent 10992, Gecko_IOThread] WARNING: pipe error: 109: file z:/build/build/src/ipc/chromium/src/chrome/common/ipc_channel_win.cc, line 346
[Child 2688, Chrome_ChildThread] WARNING: pipe error: 109: file z:/build/build/src/ipc/chromium/src/chrome/common/ipc_channel_win.cc, line 346
[Child 2688, Chro[Parent 10992, Gecko_IOThread] WARNING: pipe error: 109: file z:/build/build/src/ipc/chromium/src/chrome/common/ipc_channel_win.cc, line 346
[Child 13484, Chrome_ChildThread] WARNING: pipe error: 109: file z:/build/build/src/ipc/chromium/src/chrome/common/ipc_channel_win.cc, line 346
[Child 13484, Chrome_ChildThread] WARNING: pipe error: 109: file z:/build/build/src/ipc/chromium/src/chrome/common/ipc_channel_win.cc, line 346

###!!! [Child][MessageChannel::SendAndWait] Error: Channel error: cannot send/recv

ored for this session
Unable to read VR Path Registry from C:\Users\urun\AppData\Local\openvr\openvrpaths.vrpath
JavaScript error: https://static.xx.fbcdn.net/rsrc.php/v3/yZ/r/xUO3u-4J58i.js, line 151: Error: Destroyed!

###!!! [Parent][DispatchAsyncMessage] Error: PClientSourceOp::Msg___delete__ Route error: message sent to unknown actor ID

JavaScript error: jar:file:///C:/Program%20Files/Mozilla%20Firefox/browser/omni.ja!/components/nsBrowserGlue.js, line 3022: NS_ERROR_FAILURE: Component returned failure code: 0x80004005 (NS_ERROR_FAILURE) [nsIContentPermissionRequest.cancel]
[Child 2120, MediaPlayback #1] WARNING: 1d3050cdac0 Can't get cubeb context!: file z:/build/build/src/dom/media/AudioStream.cpp, line 359
[Child 2120, MediaPlayback #1] WARNING: Decoder=1d37fce6b60 [OnMediaSinkAudioError]: file z:/build/build/src/dom/media/MediaDecoderStateMachine.cpp, line 3746
[Child 2120, MediaPlayback #2] WARNING: 1d35d8f9340 Can't get cubeb context!: file z:/build/build/src/dom/media/AudioStream.cpp, line 359
[Child 2120, MediaPlayback #3] WARNING: Decoder=1d35d8e92e0 [OnMediaSinkAudioError]: file z:/build/build/src/dom/media/MediaDecoderStateMachine.cpp, line 3746
[Child 2120, MediaPlayback #3] WARNING: 1d300d36400 Can't get cubeb context!: file z:/build/build/src/dom/media/AudioStream.cpp, line 359
[Child 2120, MediaPlayback #2] WARNING: Decoder=1d35d8e92e0 [OnMediaSinkAudioError]: file z:/build/build/src/dom/media/MediaDecoderStateMachine.cpp, line 3746
[Parent 4196, Gecko_IOThread] WARNING: pipe error: 109: file z:/build/build/src/ipc/chromium/src/chrome/common/ipc_channel_win.cc, line 346
[Parent 4196, Gecko_IOThread] WARNING: pipe error: 109: file z:/build/build/src/ipc/chromium/src/chrome/common/ipc_channel_win.cc, line 346
[Child 2120, Chrome_ChildThread] WARNING: pipe error: 109: file z:/build/build/src/ipc/chromium/src/chrome/common/ipc_channel_win.cc, line 346
[Child 2120, Ch
###!!! [Child][MessageChannel::SendAndWait] Error: Channel error: cannot send/recv

